Determining if the pthread_create exist failed with the following output:
Change Dir: /home/xinyu/workspace/360/apriltag/buildPc/CMakeFiles/CMakeTmp

Run Build Command:"/usr/bin/make" "cmTC_45d92/fast"
/usr/bin/make -f CMakeFiles/cmTC_45d92.dir/build.make CMakeFiles/cmTC_45d92.dir/build
make[1]: 进入目录“/home/xinyu/workspace/360/apriltag/buildPc/CMakeFiles/CMakeTmp”
Building C object CMakeFiles/cmTC_45d92.dir/CheckSymbolExists.c.o
/usr/bin/cc    -o CMakeFiles/cmTC_45d92.dir/CheckSymbolExists.c.o   -c /home/xinyu/workspace/360/apriltag/buildPc/CMakeFiles/CMakeTmp/CheckSymbolExists.c
Linking C executable cmTC_45d92
/usr/bin/cmake -E cmake_link_script CMakeFiles/cmTC_45d92.dir/link.txt --verbose=1
/usr/bin/cc      -rdynamic CMakeFiles/cmTC_45d92.dir/CheckSymbolExists.c.o  -o cmTC_45d92 
CMakeFiles/cmTC_45d92.dir/CheckSymbolExists.c.o：在函数‘main’中：
CheckSymbolExists.c:(.text+0x1b)：对‘pthread_create’未定义的引用
collect2: error: ld returned 1 exit status
CMakeFiles/cmTC_45d92.dir/build.make:97: recipe for target 'cmTC_45d92' failed
make[1]: *** [cmTC_45d92] Error 1
make[1]: 离开目录“/home/xinyu/workspace/360/apriltag/buildPc/CMakeFiles/CMakeTmp”
Makefile:126: recipe for target 'cmTC_45d92/fast' failed
make: *** [cmTC_45d92/fast] Error 2

File /home/xinyu/workspace/360/apriltag/buildPc/CMakeFiles/CMakeTmp/CheckSymbolExists.c:
/* */
#include <pthread.h>

int main(int argc, char** argv)
{
  (void)argv;
#ifndef pthread_create
  return ((int*)(&pthread_create))[argc];
#else
  (void)argc;
  return 0;
#endif
}

Determining if the function pthread_create exists in the pthreads failed with the following output:
Change Dir: /home/xinyu/workspace/360/apriltag/buildPc/CMakeFiles/CMakeTmp

Run Build Command:"/usr/bin/make" "cmTC_53f7c/fast"
/usr/bin/make -f CMakeFiles/cmTC_53f7c.dir/build.make CMakeFiles/cmTC_53f7c.dir/build
make[1]: 进入目录“/home/xinyu/workspace/360/apriltag/buildPc/CMakeFiles/CMakeTmp”
Building C object CMakeFiles/cmTC_53f7c.dir/CheckFunctionExists.c.o
/usr/bin/cc   -DCHECK_FUNCTION_EXISTS=pthread_create   -o CMakeFiles/cmTC_53f7c.dir/CheckFunctionExists.c.o   -c /usr/share/cmake-3.10/Modules/CheckFunctionExists.c
Linking C executable cmTC_53f7c
/usr/bin/cmake -E cmake_link_script CMakeFiles/cmTC_53f7c.dir/link.txt --verbose=1
/usr/bin/cc  -DCHECK_FUNCTION_EXISTS=pthread_create    -rdynamic CMakeFiles/cmTC_53f7c.dir/CheckFunctionExists.c.o  -o cmTC_53f7c -lpthreads 
/usr/bin/ld: 找不到 -lpthreads
collect2: error: ld returned 1 exit status
CMakeFiles/cmTC_53f7c.dir/build.make:97: recipe for target 'cmTC_53f7c' failed
make[1]: *** [cmTC_53f7c] Error 1
make[1]: 离开目录“/home/xinyu/workspace/360/apriltag/buildPc/CMakeFiles/CMakeTmp”
Makefile:126: recipe for target 'cmTC_53f7c/fast' failed
make: *** [cmTC_53f7c/fast] Error 2


